<?xml version="1.0"?>
<testsuites time="0.0000019510" tests="3" failures="1" name="Sido Tests"><testsuite name="test" tests="2" file="C:\Users\Eddie\Documents\sido\src\sido.php" timestamp="2019-05-22T00:51:47+02:00" failures="1"><testcase name="test Should 1 equals 1" classname="Should 1 equals 1" time="0.00000090"/><testcase name="test Should 2 equals 1" classname="Should 2 equals 1" time="0.00000001"><failure message="Should 2 equals 1 Failed. Statement evaluated to be false" type="AssertionError">Should 2 equals 1 Failed. Statement evaluated to be false</failure></testcase></testsuite><testsuite name="Other test case" tests="1" file="C:\Users\Eddie\Documents\sido\src\sido.php" timestamp="2019-05-22T00:51:47+02:00" failures="0"><testcase name="Other test case Should 5 equals 5" classname="Should 5 equals 5" time="0.00000021"/></testsuite></testsuites>
